#
# An unexpected error has been detected by Java Runtime Environment:
#
# java.lang.OutOfMemoryError: requested 81928 bytes for Chunk::new. Out of swap space?
#
#  Internal Error (414C4C4F434154494F4E0E43505000C7), pid=10084, tid=10564
#
# Java VM: Java HotSpot(TM) Client VM (1.6.0-b105 mixed mode, sharing)
# If you would like to submit a bug report, please visit:
#   http://java.sun.com/webapps/bugreport/crash.jsp
#

---------------  T H R E A D  ---------------

Current thread (0x02af2400):  JavaThread "CompilerThread0" daemon [_thread_in_native, id=10564]

Stack: [0x02d20000,0x02d70000)
[error occurred during error reporting, step 110, id 0xc0000005]


Current CompileTask:
C1: 15  !   sun.nio.cs.UTF_8$Decoder.decodeArrayLoop(Ljava/nio/ByteBuffer;Ljava/nio/CharBuffer;)Ljava/nio/charset/CoderResult; (1814 bytes)


---------------  P R O C E S S  ---------------

Java Threads: ( => current thread )
  0x02b3a400 JavaThread "AWT-Windows" daemon [_thread_in_native, id=10556]
  0x02b39c00 JavaThread "AWT-Shutdown" [_thread_blocked, id=10552]
  0x02b0bc00 JavaThread "Java2D Disposer" daemon [_thread_blocked, id=10580]
  0x02af7000 JavaThread "Low Memory Detector" daemon [_thread_blocked, id=10568]
=>0x02af2400 JavaThread "CompilerThread0" daemon [_thread_in_native, id=10564]
  0x02af1400 JavaThread "Attach Listener" daemon [_thread_blocked, id=10520]
  0x02b0d400 JavaThread "Signal Dispatcher" daemon [_thread_blocked, id=10540]
  0x02aae800 JavaThread "Finalizer" daemon [_thread_blocked, id=10404]
  0x02aadc00 JavaThread "Reference Handler" daemon [_thread_blocked, id=10536]
  0x003f5c00 JavaThread "main" [_thread_in_vm, id=10516]

Other Threads:
  0x02aa4800 VMThread [id=10340]
  0x02b04c00 WatcherThread [id=10572]

VM state:not at safepoint (normal execution)

VM Mutex/Monitor currently owned by a thread: None

Heap
 def new generation   total 960K, used 775K [0x229d0000, 0x22ad0000, 0x22eb0000)
  eden space 896K,  86% used [0x229d0000, 0x22a91cd0, 0x22ab0000)
  from space 64K,   0% used [0x22ab0000, 0x22ab0000, 0x22ac0000)
  to   space 64K,   0% used [0x22ac0000, 0x22ac0000, 0x22ad0000)
 tenured generation   total 4096K, used 0K [0x22eb0000, 0x232b0000, 0x269d0000)
   the space 4096K,   0% used [0x22eb0000, 0x22eb0000, 0x22eb0200, 0x232b0000)
 compacting perm gen  total 12288K, used 462K [0x269d0000, 0x275d0000, 0x2a9d0000)
   the space 12288K,   3% used [0x269d0000, 0x26a43b10, 0x26a43c00, 0x275d0000)
    ro space 8192K,  66% used [0x2a9d0000, 0x2af19920, 0x2af19a00, 0x2b1d0000)
    rw space 12288K,  52% used [0x2b1d0000, 0x2b816130, 0x2b816200, 0x2bdd0000)

Dynamic libraries:
0x00400000 - 0x00423000 	C:\Program Files\Java\jdk1.6.0\bin\javaw.exe
0x7c920000 - 0x7c9b6000 	C:\WINDOWS\system32\ntdll.dll
0x7c800000 - 0x7c91e000 	C:\WINDOWS\system32\kernel32.dll
0x77da0000 - 0x77e49000 	C:\WINDOWS\system32\ADVAPI32.dll
0x77e50000 - 0x77ee3000 	C:\WINDOWS\system32\RPCRT4.dll
0x77fc0000 - 0x77fd1000 	C:\WINDOWS\system32\Secur32.dll
0x77d10000 - 0x77da0000 	C:\WINDOWS\system32\USER32.dll
0x77ef0000 - 0x77f39000 	C:\WINDOWS\system32\GDI32.dll
0x76300000 - 0x7631d000 	C:\WINDOWS\system32\IMM32.DLL
0x62c20000 - 0x62c29000 	C:\WINDOWS\system32\LPK.DLL
0x73fa0000 - 0x7400b000 	C:\WINDOWS\system32\USP10.dll
0x7c340000 - 0x7c396000 	C:\Program Files\Java\jdk1.6.0\jre\bin\msvcr71.dll
0x6d7c0000 - 0x6da07000 	C:\Program Files\Java\jdk1.6.0\jre\bin\client\jvm.dll
0x76b10000 - 0x76b3a000 	C:\WINDOWS\system32\WINMM.dll
0x6d310000 - 0x6d318000 	C:\Program Files\Java\jdk1.6.0\jre\bin\hpi.dll
0x76bc0000 - 0x76bcb000 	C:\WINDOWS\system32\PSAPI.DLL
0x6d770000 - 0x6d77c000 	C:\Program Files\Java\jdk1.6.0\jre\bin\verify.dll
0x6d3b0000 - 0x6d3cf000 	C:\Program Files\Java\jdk1.6.0\jre\bin\java.dll
0x6d7b0000 - 0x6d7bf000 	C:\Program Files\Java\jdk1.6.0\jre\bin\zip.dll
0x6d000000 - 0x6d1c3000 	C:\Program Files\Java\jdk1.6.0\jre\bin\awt.dll
0x72f70000 - 0x72f96000 	C:\WINDOWS\system32\WINSPOOL.DRV
0x77be0000 - 0x77c38000 	C:\WINDOWS\system32\msvcrt.dll
0x76990000 - 0x76ace000 	C:\WINDOWS\system32\ole32.dll
0x5adc0000 - 0x5adf7000 	C:\WINDOWS\system32\uxtheme.dll
0x736d0000 - 0x7371b000 	C:\WINDOWS\system32\ddraw.dll
0x73b30000 - 0x73b36000 	C:\WINDOWS\system32\DCIMAN32.dll
0x6d2b0000 - 0x6d303000 	C:\Program Files\Java\jdk1.6.0\jre\bin\fontmanager.dll
0x74680000 - 0x746cc000 	C:\WINDOWS\system32\MSCTF.dll
0x10000000 - 0x1001b000 	C:\WINDOWS\system32\TDGL32.dll
0x73640000 - 0x7366e000 	C:\WINDOWS\system32\msctfime.ime
0x02fe0000 - 0x0330c000 	C:\WINDOWS\system32\SOGOUPY.IME
0x762f0000 - 0x762f5000 	C:\WINDOWS\system32\MSIMG32.dll
0x77bd0000 - 0x77bd8000 	C:\WINDOWS\system32\VERSION.dll
0x7d590000 - 0x7dd84000 	C:\WINDOWS\system32\SHELL32.dll
0x77f40000 - 0x77fb6000 	C:\WINDOWS\system32\SHLWAPI.dll
0x77180000 - 0x77283000 	C:\WINDOWS\WinSxS\x86_Microsoft.Windows.Common-Controls_6595b64144ccf1df_6.0.2600.6028_x-ww_61e65202\comctl32.dll
0x5d170000 - 0x5d20a000 	C:\WINDOWS\system32\comctl32.dll
0x03a30000 - 0x03abc000 	C:\Program Files\SogouInput\Components\PicFace\1.0.0.792\PicFace.dll
0x76cb0000 - 0x76cd0000 	C:\WINDOWS\system32\NTMARTA.DLL
0x71b70000 - 0x71b83000 	C:\WINDOWS\system32\SAMLIB.dll
0x76f30000 - 0x76f5c000 	C:\WINDOWS\system32\WLDAP32.dll
0x06ef0000 - 0x06f28000 	C:\Program Files\SogouInput\Components\SGImeGuard\1.0.0.21\SGImeGuard.dll

VM Arguments:
jvm_args: -Dfile.encoding=UTF-8
java_command: pic.test.Test
Launcher Type: SUN_STANDARD

Environment Variables:
JAVA_HOME=C:\Program Files\Java\jdk1.6.0
CLASSPATH=.;C:\Program Files\Java\jdk1.6.0\lib\tools.jar;C:\Program Files\Java\jdk1.6.0\lib\dt.jar;:\Program Files\Java\jdk1.6.0\lib\htmlconverter.jar;C:\Program Files\Java\jdk1.6.0\lib\jconsole.jar
PATH=C:/Program Files/Java/jdk1.6.0/bin/../jre/bin/client;C:/Program Files/Java/jdk1.6.0/bin/../jre/bin;C:/Program Files/Java/jdk1.6.0/bin/../jre/lib/i386;C:\oracle\product\10.2.0\db_1\bin;C:\Program Files\Java\jdk1.6.0\bin;C:\WINDOWS\system32;C:\WINDOWS;C:\WINDOWS\System32\Wbem;C:\Program Files\Common Files\Thunder Network\KanKan\Codecs;c:\Program Files\Microsoft SQL Server\90\Tools\binn\;c:\Program Files\Microsoft SQL Server\100\Tools\Binn\;c:\Program Files\Microsoft SQL Server\100\DTS\Binn\;C:\Program Files\TortoiseSVN\bin;C:\Program Files\Microsoft Visual Studio\Common\Tools\WinNT;C:\Program Files\Microsoft Visual Studio\Common\MSDev98\Bin;C:\Program Files\Microsoft Visual Studio\Common\Tools;C:\Program Files\Microsoft Visual Studio\VC98\bin;C:\Program Files\feiq\Recv Files\eclipse-jee-kepler-SR1-win32\eclipse;
USERNAME=Administrator
OS=Windows_NT
PROCESSOR_IDENTIFIER=x86 Family 16 Model 6 Stepping 2, AuthenticAMD



---------------  S Y S T E M  ---------------

OS: Windows XP Build 2600 Service Pack 3

CPU:total 2 family 31, cmov, cx8, fxsr, mmx, sse, sse2, mmxext, 3dnowext, 3dnow, ht

Memory: 4k page, physical 1834220k(16760k free), swap 4194303k(5136k free)

vm_info: Java HotSpot(TM) Client VM (1.6.0-b105) for windows-x86, built on Nov 29 2006 00:48:48 by "java_re" with unknown MS VC++:1310

